/home2/flasheex/nodevenv/flashem/flashem/20/bin/node: line 10: export: `package.json=': not a valid identifier
node:internal/modules/cjs/loader:1228
  throw err;
  ^

Error: Cannot find module 'nodemailer'
Require stack:
- /home2/flasheex/flashem/flashem/server.js
- /usr/local/lsws/fcgi-bin/lsnode.js
    at Module._resolveFilename (node:internal/modules/cjs/loader:1225:15)
    at Module._load (node:internal/modules/cjs/loader:1051:27)
    at Module.require (node:internal/modules/cjs/loader:1311:19)
    at require (node:internal/modules/helpers:179:18)
    at Object.<anonymous> (/home2/flasheex/flashem/flashem/server.js:4:20)
    at Module._compile (node:internal/modules/cjs/loader:1469:14)
    at Module._extensions..js (node:internal/modules/cjs/loader:1548:10)
    at Module.load (node:internal/modules/cjs/loader:1288:32)
    at Module._load (node:internal/modules/cjs/loader:1104:12)
    at Module.require (node:internal/modules/cjs/loader:1311:19) {
  code: 'MODULE_NOT_FOUND',
  requireStack: [
    '/home2/flasheex/flashem/flashem/server.js',
    '/usr/local/lsws/fcgi-bin/lsnode.js'
  ]
}

Node.js v20.18.3
/home2/flasheex/nodevenv/flashem/flashem/20/bin/node: line 10: export: `package.json=': not a valid identifier
node:internal/modules/cjs/loader:1228
  throw err;
  ^

Error: Cannot find module 'nodemailer'
Require stack:
- /home2/flasheex/flashem/flashem/server.js
- /usr/local/lsws/fcgi-bin/lsnode.js
    at Module._resolveFilename (node:internal/modules/cjs/loader:1225:15)
    at Module._load (node:internal/modules/cjs/loader:1051:27)
    at Module.require (node:internal/modules/cjs/loader:1311:19)
    at require (node:internal/modules/helpers:179:18)
    at Object.<anonymous> (/home2/flasheex/flashem/flashem/server.js:4:20)
    at Module._compile (node:internal/modules/cjs/loader:1469:14)
    at Module._extensions..js (node:internal/modules/cjs/loader:1548:10)
    at Module.load (node:internal/modules/cjs/loader:1288:32)
    at Module._load (node:internal/modules/cjs/loader:1104:12)
    at Module.require (node:internal/modules/cjs/loader:1311:19) {
  code: 'MODULE_NOT_FOUND',
  requireStack: [
    '/home2/flasheex/flashem/flashem/server.js',
    '/usr/local/lsws/fcgi-bin/lsnode.js'
  ]
}

Node.js v20.18.3
/home2/flasheex/nodevenv/flashem/flashem/20/bin/node: line 10: export: `package.json=': not a valid identifier
/home2/flasheex/nodevenv/flashem/flashem/20/bin/node: line 10: export: `package.json=': not a valid identifier
node:internal/modules/cjs/loader:1228
  throw err;
  ^

Error: Cannot find module 'nodemailer'
Require stack:
- /home2/flasheex/flashem/flashem/server.js
- /usr/local/lsws/fcgi-bin/lsnode.js
    at Module._resolveFilename (node:internal/modules/cjs/loader:1225:15)
    at Module._load (node:internal/modules/cjs/loader:1051:27)
    at Module.require (node:internal/modules/cjs/loader:1311:19)
    at require (node:internal/modules/helpers:179:18)
    at Object.<anonymous> (/home2/flasheex/flashem/flashem/server.js:4:20)
    at Module._compile (node:internal/modules/cjs/loader:1469:14)
    at Module._extensions..js (node:internal/modules/cjs/loader:1548:10)
    at Module.load (node:internal/modules/cjs/loader:1288:32)
    at Module._load (node:internal/modules/cjs/loader:1104:12)
    at Module.require (node:internal/modules/cjs/loader:1311:19) {
  code: 'MODULE_NOT_FOUND',
  requireStack: [
    '/home2/flasheex/flashem/flashem/server.js',
    '/usr/local/lsws/fcgi-bin/lsnode.js'
  ]
}

Node.js v20.18.3
node:internal/modules/cjs/loader:1228
  throw err;
  ^

Error: Cannot find module 'nodemailer'
Require stack:
- /home2/flasheex/flashem/flashem/server.js
- /usr/local/lsws/fcgi-bin/lsnode.js
    at Module._resolveFilename (node:internal/modules/cjs/loader:1225:15)
    at Module._load (node:internal/modules/cjs/loader:1051:27)
    at Module.require (node:internal/modules/cjs/loader:1311:19)
    at require (node:internal/modules/helpers:179:18)
    at Object.<anonymous> (/home2/flasheex/flashem/flashem/server.js:4:20)
    at Module._compile (node:internal/modules/cjs/loader:1469:14)
    at Module._extensions..js (node:internal/modules/cjs/loader:1548:10)
    at Module.load (node:internal/modules/cjs/loader:1288:32)
    at Module._load (node:internal/modules/cjs/loader:1104:12)
    at Module.require (node:internal/modules/cjs/loader:1311:19) {
  code: 'MODULE_NOT_FOUND',
  requireStack: [
    '/home2/flasheex/flashem/flashem/server.js',
    '/usr/local/lsws/fcgi-bin/lsnode.js'
  ]
}

Node.js v20.18.3
/home2/flasheex/nodevenv/flashem/flashem/20/bin/node: line 10: export: `package.json=': not a valid identifier
node:internal/modules/cjs/loader:1228
  throw err;
  ^

Error: Cannot find module 'nodemailer'
Require stack:
- /home2/flasheex/flashem/flashem/server.js
- /usr/local/lsws/fcgi-bin/lsnode.js
    at Module._resolveFilename (node:internal/modules/cjs/loader:1225:15)
    at Module._load (node:internal/modules/cjs/loader:1051:27)
    at Module.require (node:internal/modules/cjs/loader:1311:19)
    at require (node:internal/modules/helpers:179:18)
    at Object.<anonymous> (/home2/flasheex/flashem/flashem/server.js:4:20)
    at Module._compile (node:internal/modules/cjs/loader:1469:14)
    at Module._extensions..js (node:internal/modules/cjs/loader:1548:10)
    at Module.load (node:internal/modules/cjs/loader:1288:32)
    at Module._load (node:internal/modules/cjs/loader:1104:12)
    at Module.require (node:internal/modules/cjs/loader:1311:19) {
  code: 'MODULE_NOT_FOUND',
  requireStack: [
    '/home2/flasheex/flashem/flashem/server.js',
    '/usr/local/lsws/fcgi-bin/lsnode.js'
  ]
}

Node.js v20.18.3
/home2/flasheex/nodevenv/flashem/flashem/20/bin/node: line 10: export: `package.json=': not a valid identifier
node:internal/modules/cjs/loader:1228
  throw err;
  ^

Error: Cannot find module 'nodemailer'
Require stack:
- /home2/flasheex/flashem/flashem/server.js
- /usr/local/lsws/fcgi-bin/lsnode.js
    at Module._resolveFilename (node:internal/modules/cjs/loader:1225:15)
    at Module._load (node:internal/modules/cjs/loader:1051:27)
    at Module.require (node:internal/modules/cjs/loader:1311:19)
    at require (node:internal/modules/helpers:179:18)
    at Object.<anonymous> (/home2/flasheex/flashem/flashem/server.js:4:20)
    at Module._compile (node:internal/modules/cjs/loader:1469:14)
    at Module._extensions..js (node:internal/modules/cjs/loader:1548:10)
    at Module.load (node:internal/modules/cjs/loader:1288:32)
    at Module._load (node:internal/modules/cjs/loader:1104:12)
    at Module.require (node:internal/modules/cjs/loader:1311:19) {
  code: 'MODULE_NOT_FOUND',
  requireStack: [
    '/home2/flasheex/flashem/flashem/server.js',
    '/usr/local/lsws/fcgi-bin/lsnode.js'
  ]
}

Node.js v20.18.3
/home2/flasheex/nodevenv/flashem/flashem/20/bin/node: line 10: export: `package.json=': not a valid identifier
node:internal/modules/cjs/loader:1228
  throw err;
  ^

Error: Cannot find module 'nodemailer'
Require stack:
- /home2/flasheex/flashem/flashem/server.js
- /usr/local/lsws/fcgi-bin/lsnode.js
    at Module._resolveFilename (node:internal/modules/cjs/loader:1225:15)
    at Module._load (node:internal/modules/cjs/loader:1051:27)
    at Module.require (node:internal/modules/cjs/loader:1311:19)
    at require (node:internal/modules/helpers:179:18)
    at Object.<anonymous> (/home2/flasheex/flashem/flashem/server.js:4:20)
    at Module._compile (node:internal/modules/cjs/loader:1469:14)
    at Module._extensions..js (node:internal/modules/cjs/loader:1548:10)
    at Module.load (node:internal/modules/cjs/loader:1288:32)
    at Module._load (node:internal/modules/cjs/loader:1104:12)
    at Module.require (node:internal/modules/cjs/loader:1311:19) {
  code: 'MODULE_NOT_FOUND',
  requireStack: [
    '/home2/flasheex/flashem/flashem/server.js',
    '/usr/local/lsws/fcgi-bin/lsnode.js'
  ]
}

Node.js v20.18.3
/home2/flasheex/nodevenv/flashem/flashem/20/bin/node: line 10: export: `package.json=': not a valid identifier
node:internal/modules/cjs/loader:1228
  throw err;
  ^

Error: Cannot find module 'nodemailer'
Require stack:
- /home2/flasheex/flashem/flashem/server.js
- /usr/local/lsws/fcgi-bin/lsnode.js
    at Module._resolveFilename (node:internal/modules/cjs/loader:1225:15)
    at Module._load (node:internal/modules/cjs/loader:1051:27)
    at Module.require (node:internal/modules/cjs/loader:1311:19)
    at require (node:internal/modules/helpers:179:18)
    at Object.<anonymous> (/home2/flasheex/flashem/flashem/server.js:4:20)
    at Module._compile (node:internal/modules/cjs/loader:1469:14)
    at Module._extensions..js (node:internal/modules/cjs/loader:1548:10)
    at Module.load (node:internal/modules/cjs/loader:1288:32)
    at Module._load (node:internal/modules/cjs/loader:1104:12)
    at Module.require (node:internal/modules/cjs/loader:1311:19) {
  code: 'MODULE_NOT_FOUND',
  requireStack: [
    '/home2/flasheex/flashem/flashem/server.js',
    '/usr/local/lsws/fcgi-bin/lsnode.js'
  ]
}

Node.js v20.18.3
/home2/flasheex/nodevenv/flashem/flashem/20/bin/node: line 10: export: `package.json=': not a valid identifier
node:internal/modules/cjs/loader:1228
  throw err;
  ^

Error: Cannot find module 'nodemailer'
Require stack:
- /home2/flasheex/flashem/flashem/server.js
- /usr/local/lsws/fcgi-bin/lsnode.js
    at Module._resolveFilename (node:internal/modules/cjs/loader:1225:15)
    at Module._load (node:internal/modules/cjs/loader:1051:27)
    at Module.require (node:internal/modules/cjs/loader:1311:19)
    at require (node:internal/modules/helpers:179:18)
    at Object.<anonymous> (/home2/flasheex/flashem/flashem/server.js:4:20)
    at Module._compile (node:internal/modules/cjs/loader:1469:14)
    at Module._extensions..js (node:internal/modules/cjs/loader:1548:10)
    at Module.load (node:internal/modules/cjs/loader:1288:32)
    at Module._load (node:internal/modules/cjs/loader:1104:12)
    at Module.require (node:internal/modules/cjs/loader:1311:19) {
  code: 'MODULE_NOT_FOUND',
  requireStack: [
    '/home2/flasheex/flashem/flashem/server.js',
    '/usr/local/lsws/fcgi-bin/lsnode.js'
  ]
}

Node.js v20.18.3
/home2/flasheex/nodevenv/flashem/flashem/20/bin/node: line 10: export: `package.json=': not a valid identifier
node:internal/modules/cjs/loader:1228
  throw err;
  ^

Error: Cannot find module 'nodemailer'
Require stack:
- /home2/flasheex/flashem/flashem/server.js
- /usr/local/lsws/fcgi-bin/lsnode.js
    at Module._resolveFilename (node:internal/modules/cjs/loader:1225:15)
    at Module._load (node:internal/modules/cjs/loader:1051:27)
    at Module.require (node:internal/modules/cjs/loader:1311:19)
    at require (node:internal/modules/helpers:179:18)
    at Object.<anonymous> (/home2/flasheex/flashem/flashem/server.js:4:20)
    at Module._compile (node:internal/modules/cjs/loader:1469:14)
    at Module._extensions..js (node:internal/modules/cjs/loader:1548:10)
    at Module.load (node:internal/modules/cjs/loader:1288:32)
    at Module._load (node:internal/modules/cjs/loader:1104:12)
    at Module.require (node:internal/modules/cjs/loader:1311:19) {
  code: 'MODULE_NOT_FOUND',
  requireStack: [
    '/home2/flasheex/flashem/flashem/server.js',
    '/usr/local/lsws/fcgi-bin/lsnode.js'
  ]
}

Node.js v20.18.3
/home2/flasheex/nodevenv/flashem/flashem/20/bin/node: line 10: export: `package.json=': not a valid identifier
node:internal/modules/cjs/loader:1228
  throw err;
  ^

Error: Cannot find module 'nodemailer'
Require stack:
- /home2/flasheex/flashem/flashem/server.js
- /usr/local/lsws/fcgi-bin/lsnode.js
    at Module._resolveFilename (node:internal/modules/cjs/loader:1225:15)
    at Module._load (node:internal/modules/cjs/loader:1051:27)
    at Module.require (node:internal/modules/cjs/loader:1311:19)
    at require (node:internal/modules/helpers:179:18)
    at Object.<anonymous> (/home2/flasheex/flashem/flashem/server.js:4:20)
    at Module._compile (node:internal/modules/cjs/loader:1469:14)
    at Module._extensions..js (node:internal/modules/cjs/loader:1548:10)
    at Module.load (node:internal/modules/cjs/loader:1288:32)
    at Module._load (node:internal/modules/cjs/loader:1104:12)
    at Module.require (node:internal/modules/cjs/loader:1311:19) {
  code: 'MODULE_NOT_FOUND',
  requireStack: [
    '/home2/flasheex/flashem/flashem/server.js',
    '/usr/local/lsws/fcgi-bin/lsnode.js'
  ]
}

Node.js v20.18.3
/home2/flasheex/nodevenv/flashem/flashem/20/bin/node: line 10: export: `package.json=': not a valid identifier
node:internal/modules/cjs/loader:1228
  throw err;
  ^

Error: Cannot find module 'nodemailer'
Require stack:
- /home2/flasheex/flashem/flashem/server.js
- /usr/local/lsws/fcgi-bin/lsnode.js
    at Module._resolveFilename (node:internal/modules/cjs/loader:1225:15)
    at Module._load (node:internal/modules/cjs/loader:1051:27)
    at Module.require (node:internal/modules/cjs/loader:1311:19)
    at require (node:internal/modules/helpers:179:18)
    at Object.<anonymous> (/home2/flasheex/flashem/flashem/server.js:4:20)
    at Module._compile (node:internal/modules/cjs/loader:1469:14)
    at Module._extensions..js (node:internal/modules/cjs/loader:1548:10)
    at Module.load (node:internal/modules/cjs/loader:1288:32)
    at Module._load (node:internal/modules/cjs/loader:1104:12)
    at Module.require (node:internal/modules/cjs/loader:1311:19) {
  code: 'MODULE_NOT_FOUND',
  requireStack: [
    '/home2/flasheex/flashem/flashem/server.js',
    '/usr/local/lsws/fcgi-bin/lsnode.js'
  ]
}

Node.js v20.18.3
/home2/flasheex/nodevenv/flashem/flashem/20/bin/node: line 10: export: `package.json=': not a valid identifier
node:internal/modules/cjs/loader:1228
  throw err;
  ^

Error: Cannot find module 'nodemailer'
Require stack:
- /home2/flasheex/flashem/flashem/server.js
- /usr/local/lsws/fcgi-bin/lsnode.js
    at Module._resolveFilename (node:internal/modules/cjs/loader:1225:15)
    at Module._load (node:internal/modules/cjs/loader:1051:27)
    at Module.require (node:internal/modules/cjs/loader:1311:19)
    at require (node:internal/modules/helpers:179:18)
    at Object.<anonymous> (/home2/flasheex/flashem/flashem/server.js:4:20)
    at Module._compile (node:internal/modules/cjs/loader:1469:14)
    at Module._extensions..js (node:internal/modules/cjs/loader:1548:10)
    at Module.load (node:internal/modules/cjs/loader:1288:32)
    at Module._load (node:internal/modules/cjs/loader:1104:12)
    at Module.require (node:internal/modules/cjs/loader:1311:19) {
  code: 'MODULE_NOT_FOUND',
  requireStack: [
    '/home2/flasheex/flashem/flashem/server.js',
    '/usr/local/lsws/fcgi-bin/lsnode.js'
  ]
}

Node.js v20.18.3
/home2/flasheex/nodevenv/flashem/flashem/20/bin/node: line 10: export: `package.json=': not a valid identifier
node:internal/modules/cjs/loader:1228
  throw err;
  ^

Error: Cannot find module 'nodemailer'
Require stack:
- /home2/flasheex/flashem/flashem/server.js
- /usr/local/lsws/fcgi-bin/lsnode.js
    at Module._resolveFilename (node:internal/modules/cjs/loader:1225:15)
    at Module._load (node:internal/modules/cjs/loader:1051:27)
    at Module.require (node:internal/modules/cjs/loader:1311:19)
    at require (node:internal/modules/helpers:179:18)
    at Object.<anonymous> (/home2/flasheex/flashem/flashem/server.js:4:20)
    at Module._compile (node:internal/modules/cjs/loader:1469:14)
    at Module._extensions..js (node:internal/modules/cjs/loader:1548:10)
    at Module.load (node:internal/modules/cjs/loader:1288:32)
    at Module._load (node:internal/modules/cjs/loader:1104:12)
    at Module.require (node:internal/modules/cjs/loader:1311:19) {
  code: 'MODULE_NOT_FOUND',
  requireStack: [
    '/home2/flasheex/flashem/flashem/server.js',
    '/usr/local/lsws/fcgi-bin/lsnode.js'
  ]
}

Node.js v20.18.3
/home2/flasheex/nodevenv/flashem/flashem/20/bin/node: line 10: export: `package.json=': not a valid identifier
node:internal/modules/cjs/loader:1228
  throw err;
  ^

Error: Cannot find module 'nodemailer'
Require stack:
- /home2/flasheex/flashem/flashem/server.js
- /usr/local/lsws/fcgi-bin/lsnode.js
    at Module._resolveFilename (node:internal/modules/cjs/loader:1225:15)
    at Module._load (node:internal/modules/cjs/loader:1051:27)
    at Module.require (node:internal/modules/cjs/loader:1311:19)
    at require (node:internal/modules/helpers:179:18)
    at Object.<anonymous> (/home2/flasheex/flashem/flashem/server.js:4:20)
    at Module._compile (node:internal/modules/cjs/loader:1469:14)
    at Module._extensions..js (node:internal/modules/cjs/loader:1548:10)
    at Module.load (node:internal/modules/cjs/loader:1288:32)
    at Module._load (node:internal/modules/cjs/loader:1104:12)
    at Module.require (node:internal/modules/cjs/loader:1311:19) {
  code: 'MODULE_NOT_FOUND',
  requireStack: [
    '/home2/flasheex/flashem/flashem/server.js',
    '/usr/local/lsws/fcgi-bin/lsnode.js'
  ]
}

Node.js v20.18.3
/home2/flasheex/nodevenv/flashem/flashem/20/bin/node: line 10: export: `package.json=': not a valid identifier
node:internal/modules/cjs/loader:1228
  throw err;
  ^

Error: Cannot find module 'nodemailer'
Require stack:
- /home2/flasheex/flashem/flashem/server.js
- /usr/local/lsws/fcgi-bin/lsnode.js
    at Module._resolveFilename (node:internal/modules/cjs/loader:1225:15)
    at Module._load (node:internal/modules/cjs/loader:1051:27)
    at Module.require (node:internal/modules/cjs/loader:1311:19)
    at require (node:internal/modules/helpers:179:18)
    at Object.<anonymous> (/home2/flasheex/flashem/flashem/server.js:4:20)
    at Module._compile (node:internal/modules/cjs/loader:1469:14)
    at Module._extensions..js (node:internal/modules/cjs/loader:1548:10)
    at Module.load (node:internal/modules/cjs/loader:1288:32)
    at Module._load (node:internal/modules/cjs/loader:1104:12)
    at Module.require (node:internal/modules/cjs/loader:1311:19) {
  code: 'MODULE_NOT_FOUND',
  requireStack: [
    '/home2/flasheex/flashem/flashem/server.js',
    '/usr/local/lsws/fcgi-bin/lsnode.js'
  ]
}

Node.js v20.18.3
/home2/flasheex/nodevenv/flashem/flashem/20/bin/node: line 10: export: `package.json=': not a valid identifier
node:internal/modules/cjs/loader:1228
  throw err;
  ^

Error: Cannot find module 'nodemailer'
Require stack:
- /home2/flasheex/flashem/flashem/server.js
- /usr/local/lsws/fcgi-bin/lsnode.js
    at Module._resolveFilename (node:internal/modules/cjs/loader:1225:15)
    at Module._load (node:internal/modules/cjs/loader:1051:27)
    at Module.require (node:internal/modules/cjs/loader:1311:19)
    at require (node:internal/modules/helpers:179:18)
    at Object.<anonymous> (/home2/flasheex/flashem/flashem/server.js:4:20)
    at Module._compile (node:internal/modules/cjs/loader:1469:14)
    at Module._extensions..js (node:internal/modules/cjs/loader:1548:10)
    at Module.load (node:internal/modules/cjs/loader:1288:32)
    at Module._load (node:internal/modules/cjs/loader:1104:12)
    at Module.require (node:internal/modules/cjs/loader:1311:19) {
  code: 'MODULE_NOT_FOUND',
  requireStack: [
    '/home2/flasheex/flashem/flashem/server.js',
    '/usr/local/lsws/fcgi-bin/lsnode.js'
  ]
}

Node.js v20.18.3
/home2/flasheex/nodevenv/flashem/flashem/20/bin/node: line 10: export: `package.json=': not a valid identifier
node:internal/modules/cjs/loader:1228
  throw err;
  ^

Error: Cannot find module 'nodemailer'
Require stack:
- /home2/flasheex/flashem/flashem/server.js
- /usr/local/lsws/fcgi-bin/lsnode.js
    at Module._resolveFilename (node:internal/modules/cjs/loader:1225:15)
    at Module._load (node:internal/modules/cjs/loader:1051:27)
    at Module.require (node:internal/modules/cjs/loader:1311:19)
    at require (node:internal/modules/helpers:179:18)
    at Object.<anonymous> (/home2/flasheex/flashem/flashem/server.js:4:20)
    at Module._compile (node:internal/modules/cjs/loader:1469:14)
    at Module._extensions..js (node:internal/modules/cjs/loader:1548:10)
    at Module.load (node:internal/modules/cjs/loader:1288:32)
    at Module._load (node:internal/modules/cjs/loader:1104:12)
    at Module.require (node:internal/modules/cjs/loader:1311:19) {
  code: 'MODULE_NOT_FOUND',
  requireStack: [
    '/home2/flasheex/flashem/flashem/server.js',
    '/usr/local/lsws/fcgi-bin/lsnode.js'
  ]
}

Node.js v20.18.3
/home2/flasheex/nodevenv/flashem/flashem/20/bin/node: line 10: export: `package.json=': not a valid identifier
node:internal/modules/cjs/loader:1228
  throw err;
  ^

Error: Cannot find module 'nodemailer'
Require stack:
- /home2/flasheex/flashem/flashem/server.js
- /usr/local/lsws/fcgi-bin/lsnode.js
    at Module._resolveFilename (node:internal/modules/cjs/loader:1225:15)
    at Module._load (node:internal/modules/cjs/loader:1051:27)
    at Module.require (node:internal/modules/cjs/loader:1311:19)
    at require (node:internal/modules/helpers:179:18)
    at Object.<anonymous> (/home2/flasheex/flashem/flashem/server.js:4:20)
    at Module._compile (node:internal/modules/cjs/loader:1469:14)
    at Module._extensions..js (node:internal/modules/cjs/loader:1548:10)
    at Module.load (node:internal/modules/cjs/loader:1288:32)
    at Module._load (node:internal/modules/cjs/loader:1104:12)
    at Module.require (node:internal/modules/cjs/loader:1311:19) {
  code: 'MODULE_NOT_FOUND',
  requireStack: [
    '/home2/flasheex/flashem/flashem/server.js',
    '/usr/local/lsws/fcgi-bin/lsnode.js'
  ]
}

Node.js v20.18.3
/home2/flasheex/nodevenv/flashem/flashem/20/bin/node: line 10: export: `package.json=': not a valid identifier
node:internal/modules/cjs/loader:1228
  throw err;
  ^

Error: Cannot find module 'nodemailer'
Require stack:
- /home2/flasheex/flashem/flashem/server.js
- /usr/local/lsws/fcgi-bin/lsnode.js
    at Module._resolveFilename (node:internal/modules/cjs/loader:1225:15)
    at Module._load (node:internal/modules/cjs/loader:1051:27)
    at Module.require (node:internal/modules/cjs/loader:1311:19)
    at require (node:internal/modules/helpers:179:18)
    at Object.<anonymous> (/home2/flasheex/flashem/flashem/server.js:4:20)
    at Module._compile (node:internal/modules/cjs/loader:1469:14)
    at Module._extensions..js (node:internal/modules/cjs/loader:1548:10)
    at Module.load (node:internal/modules/cjs/loader:1288:32)
    at Module._load (node:internal/modules/cjs/loader:1104:12)
    at Module.require (node:internal/modules/cjs/loader:1311:19) {
  code: 'MODULE_NOT_FOUND',
  requireStack: [
    '/home2/flasheex/flashem/flashem/server.js',
    '/usr/local/lsws/fcgi-bin/lsnode.js'
  ]
}

Node.js v20.18.3
/home2/flasheex/nodevenv/flashem/flashem/20/bin/node: line 10: export: `package.json=': not a valid identifier
node:internal/modules/cjs/loader:1228
  throw err;
  ^

Error: Cannot find module 'nodemailer'
Require stack:
- /home2/flasheex/flashem/flashem/server.js
- /usr/local/lsws/fcgi-bin/lsnode.js
    at Module._resolveFilename (node:internal/modules/cjs/loader:1225:15)
    at Module._load (node:internal/modules/cjs/loader:1051:27)
    at Module.require (node:internal/modules/cjs/loader:1311:19)
    at require (node:internal/modules/helpers:179:18)
    at Object.<anonymous> (/home2/flasheex/flashem/flashem/server.js:4:20)
    at Module._compile (node:internal/modules/cjs/loader:1469:14)
    at Module._extensions..js (node:internal/modules/cjs/loader:1548:10)
    at Module.load (node:internal/modules/cjs/loader:1288:32)
    at Module._load (node:internal/modules/cjs/loader:1104:12)
    at Module.require (node:internal/modules/cjs/loader:1311:19) {
  code: 'MODULE_NOT_FOUND',
  requireStack: [
    '/home2/flasheex/flashem/flashem/server.js',
    '/usr/local/lsws/fcgi-bin/lsnode.js'
  ]
}

Node.js v20.18.3
/home2/flasheex/nodevenv/flashem/flashem/20/bin/node: line 10: export: `package.json=': not a valid identifier
node:internal/modules/cjs/loader:1228
  throw err;
  ^

Error: Cannot find module 'nodemailer'
Require stack:
- /home2/flasheex/flashem/flashem/server.js
- /usr/local/lsws/fcgi-bin/lsnode.js
    at Module._resolveFilename (node:internal/modules/cjs/loader:1225:15)
    at Module._load (node:internal/modules/cjs/loader:1051:27)
    at Module.require (node:internal/modules/cjs/loader:1311:19)
    at require (node:internal/modules/helpers:179:18)
    at Object.<anonymous> (/home2/flasheex/flashem/flashem/server.js:4:20)
    at Module._compile (node:internal/modules/cjs/loader:1469:14)
    at Module._extensions..js (node:internal/modules/cjs/loader:1548:10)
    at Module.load (node:internal/modules/cjs/loader:1288:32)
    at Module._load (node:internal/modules/cjs/loader:1104:12)
    at Module.require (node:internal/modules/cjs/loader:1311:19) {
  code: 'MODULE_NOT_FOUND',
  requireStack: [
    '/home2/flasheex/flashem/flashem/server.js',
    '/usr/local/lsws/fcgi-bin/lsnode.js'
  ]
}

Node.js v20.18.3
/home2/flasheex/nodevenv/flashem/flashem/20/bin/node: line 10: export: `package.json=': not a valid identifier
node:internal/modules/cjs/loader:1228
  throw err;
  ^

Error: Cannot find module 'nodemailer'
Require stack:
- /home2/flasheex/flashem/flashem/server.js
- /usr/local/lsws/fcgi-bin/lsnode.js
    at Module._resolveFilename (node:internal/modules/cjs/loader:1225:15)
    at Module._load (node:internal/modules/cjs/loader:1051:27)
    at Module.require (node:internal/modules/cjs/loader:1311:19)
    at require (node:internal/modules/helpers:179:18)
    at Object.<anonymous> (/home2/flasheex/flashem/flashem/server.js:4:20)
    at Module._compile (node:internal/modules/cjs/loader:1469:14)
    at Module._extensions..js (node:internal/modules/cjs/loader:1548:10)
    at Module.load (node:internal/modules/cjs/loader:1288:32)
    at Module._load (node:internal/modules/cjs/loader:1104:12)
    at Module.require (node:internal/modules/cjs/loader:1311:19) {
  code: 'MODULE_NOT_FOUND',
  requireStack: [
    '/home2/flasheex/flashem/flashem/server.js',
    '/usr/local/lsws/fcgi-bin/lsnode.js'
  ]
}

Node.js v20.18.3
/home2/flasheex/nodevenv/flashem/flashem/20/bin/node: line 10: export: `package.json=': not a valid identifier
node:internal/modules/cjs/loader:1228
  throw err;
  ^

Error: Cannot find module 'nodemailer'
Require stack:
- /home2/flasheex/flashem/flashem/server.js
- /usr/local/lsws/fcgi-bin/lsnode.js
    at Module._resolveFilename (node:internal/modules/cjs/loader:1225:15)
    at Module._load (node:internal/modules/cjs/loader:1051:27)
    at Module.require (node:internal/modules/cjs/loader:1311:19)
    at require (node:internal/modules/helpers:179:18)
    at Object.<anonymous> (/home2/flasheex/flashem/flashem/server.js:4:20)
    at Module._compile (node:internal/modules/cjs/loader:1469:14)
    at Module._extensions..js (node:internal/modules/cjs/loader:1548:10)
    at Module.load (node:internal/modules/cjs/loader:1288:32)
    at Module._load (node:internal/modules/cjs/loader:1104:12)
    at Module.require (node:internal/modules/cjs/loader:1311:19) {
  code: 'MODULE_NOT_FOUND',
  requireStack: [
    '/home2/flasheex/flashem/flashem/server.js',
    '/usr/local/lsws/fcgi-bin/lsnode.js'
  ]
}

Node.js v20.18.3
/home2/flasheex/nodevenv/flashem/flashem/20/bin/node: line 10: export: `package.json=': not a valid identifier
node:internal/modules/cjs/loader:1228
  throw err;
  ^

Error: Cannot find module 'nodemailer'
Require stack:
- /home2/flasheex/flashem/flashem/server.js
- /usr/local/lsws/fcgi-bin/lsnode.js
    at Module._resolveFilename (node:internal/modules/cjs/loader:1225:15)
    at Module._load (node:internal/modules/cjs/loader:1051:27)
    at Module.require (node:internal/modules/cjs/loader:1311:19)
    at require (node:internal/modules/helpers:179:18)
    at Object.<anonymous> (/home2/flasheex/flashem/flashem/server.js:4:20)
    at Module._compile (node:internal/modules/cjs/loader:1469:14)
    at Module._extensions..js (node:internal/modules/cjs/loader:1548:10)
    at Module.load (node:internal/modules/cjs/loader:1288:32)
    at Module._load (node:internal/modules/cjs/loader:1104:12)
    at Module.require (node:internal/modules/cjs/loader:1311:19) {
  code: 'MODULE_NOT_FOUND',
  requireStack: [
    '/home2/flasheex/flashem/flashem/server.js',
    '/usr/local/lsws/fcgi-bin/lsnode.js'
  ]
}

Node.js v20.18.3
/home2/flasheex/nodevenv/flashem/flashem/20/bin/node: line 10: export: `package.json=': not a valid identifier
node:internal/modules/cjs/loader:1228
  throw err;
  ^

Error: Cannot find module 'nodemailer'
Require stack:
- /home2/flasheex/flashem/flashem/server.js
- /usr/local/lsws/fcgi-bin/lsnode.js
    at Module._resolveFilename (node:internal/modules/cjs/loader:1225:15)
    at Module._load (node:internal/modules/cjs/loader:1051:27)
    at Module.require (node:internal/modules/cjs/loader:1311:19)
    at require (node:internal/modules/helpers:179:18)
    at Object.<anonymous> (/home2/flasheex/flashem/flashem/server.js:4:20)
    at Module._compile (node:internal/modules/cjs/loader:1469:14)
    at Module._extensions..js (node:internal/modules/cjs/loader:1548:10)
    at Module.load (node:internal/modules/cjs/loader:1288:32)
    at Module._load (node:internal/modules/cjs/loader:1104:12)
    at Module.require (node:internal/modules/cjs/loader:1311:19) {
  code: 'MODULE_NOT_FOUND',
  requireStack: [
    '/home2/flasheex/flashem/flashem/server.js',
    '/usr/local/lsws/fcgi-bin/lsnode.js'
  ]
}

Node.js v20.18.3
/home2/flasheex/nodevenv/flashem/flashem/20/bin/node: line 10: export: `package.json=': not a valid identifier
node:internal/modules/cjs/loader:1228
  throw err;
  ^

Error: Cannot find module 'nodemailer'
Require stack:
- /home2/flasheex/flashem/flashem/server.js
- /usr/local/lsws/fcgi-bin/lsnode.js
    at Module._resolveFilename (node:internal/modules/cjs/loader:1225:15)
    at Module._load (node:internal/modules/cjs/loader:1051:27)
    at Module.require (node:internal/modules/cjs/loader:1311:19)
    at require (node:internal/modules/helpers:179:18)
    at Object.<anonymous> (/home2/flasheex/flashem/flashem/server.js:4:20)
    at Module._compile (node:internal/modules/cjs/loader:1469:14)
    at Module._extensions..js (node:internal/modules/cjs/loader:1548:10)
    at Module.load (node:internal/modules/cjs/loader:1288:32)
    at Module._load (node:internal/modules/cjs/loader:1104:12)
    at Module.require (node:internal/modules/cjs/loader:1311:19) {
  code: 'MODULE_NOT_FOUND',
  requireStack: [
    '/home2/flasheex/flashem/flashem/server.js',
    '/usr/local/lsws/fcgi-bin/lsnode.js'
  ]
}

Node.js v20.18.3
/home2/flasheex/nodevenv/flashem/flashem/20/bin/node: line 10: export: `package.json=': not a valid identifier
node:internal/modules/cjs/loader:1228
  throw err;
  ^

Error: Cannot find module 'nodemailer'
Require stack:
- /home2/flasheex/flashem/flashem/server.js
- /usr/local/lsws/fcgi-bin/lsnode.js
    at Module._resolveFilename (node:internal/modules/cjs/loader:1225:15)
    at Module._load (node:internal/modules/cjs/loader:1051:27)
    at Module.require (node:internal/modules/cjs/loader:1311:19)
    at require (node:internal/modules/helpers:179:18)
    at Object.<anonymous> (/home2/flasheex/flashem/flashem/server.js:4:20)
    at Module._compile (node:internal/modules/cjs/loader:1469:14)
    at Module._extensions..js (node:internal/modules/cjs/loader:1548:10)
    at Module.load (node:internal/modules/cjs/loader:1288:32)
    at Module._load (node:internal/modules/cjs/loader:1104:12)
    at Module.require (node:internal/modules/cjs/loader:1311:19) {
  code: 'MODULE_NOT_FOUND',
  requireStack: [
    '/home2/flasheex/flashem/flashem/server.js',
    '/usr/local/lsws/fcgi-bin/lsnode.js'
  ]
}

Node.js v20.18.3
Exception ignored in: <_io.TextIOWrapper name='<stdout>' mode='w' encoding='utf-8'>
BrokenPipeError: [Errno 32] Broken pipe
/home2/flasheex/nodevenv/flashem/flashem/20/bin/node: line 10: export: `package.json=': not a valid identifier
node:internal/modules/cjs/loader:1228
  throw err;
  ^

Error: Cannot find module 'nodemailer'
Require stack:
- /home2/flasheex/flashem/flashem/server.js
- /usr/local/lsws/fcgi-bin/lsnode.js
    at Module._resolveFilename (node:internal/modules/cjs/loader:1225:15)
    at Module._load (node:internal/modules/cjs/loader:1051:27)
    at Module.require (node:internal/modules/cjs/loader:1311:19)
    at require (node:internal/modules/helpers:179:18)
    at Object.<anonymous> (/home2/flasheex/flashem/flashem/server.js:4:20)
    at Module._compile (node:internal/modules/cjs/loader:1469:14)
    at Module._extensions..js (node:internal/modules/cjs/loader:1548:10)
    at Module.load (node:internal/modules/cjs/loader:1288:32)
    at Module._load (node:internal/modules/cjs/loader:1104:12)
    at Module.require (node:internal/modules/cjs/loader:1311:19) {
  code: 'MODULE_NOT_FOUND',
  requireStack: [
    '/home2/flasheex/flashem/flashem/server.js',
    '/usr/local/lsws/fcgi-bin/lsnode.js'
  ]
}

Node.js v20.18.3
/home2/flasheex/nodevenv/flashem/flashem/20/bin/node: line 10: export: `package.json=': not a valid identifier
node:internal/modules/cjs/loader:1228
  throw err;
  ^

Error: Cannot find module 'nodemailer'
Require stack:
- /home2/flasheex/flashem/flashem/server.js
- /usr/local/lsws/fcgi-bin/lsnode.js
    at Module._resolveFilename (node:internal/modules/cjs/loader:1225:15)
    at Module._load (node:internal/modules/cjs/loader:1051:27)
    at Module.require (node:internal/modules/cjs/loader:1311:19)
    at require (node:internal/modules/helpers:179:18)
    at Object.<anonymous> (/home2/flasheex/flashem/flashem/server.js:4:20)
    at Module._compile (node:internal/modules/cjs/loader:1469:14)
    at Module._extensions..js (node:internal/modules/cjs/loader:1548:10)
    at Module.load (node:internal/modules/cjs/loader:1288:32)
    at Module._load (node:internal/modules/cjs/loader:1104:12)
    at Module.require (node:internal/modules/cjs/loader:1311:19) {
  code: 'MODULE_NOT_FOUND',
  requireStack: [
    '/home2/flasheex/flashem/flashem/server.js',
    '/usr/local/lsws/fcgi-bin/lsnode.js'
  ]
}

Node.js v20.18.3
/home2/flasheex/nodevenv/flashem/flashem/20/bin/node: line 10: export: `package.json=': not a valid identifier
node:internal/modules/cjs/loader:1228
  throw err;
  ^

Error: Cannot find module 'nodemailer'
Require stack:
- /home2/flasheex/flashem/flashem/server.js
- /usr/local/lsws/fcgi-bin/lsnode.js
    at Module._resolveFilename (node:internal/modules/cjs/loader:1225:15)
    at Module._load (node:internal/modules/cjs/loader:1051:27)
    at Module.require (node:internal/modules/cjs/loader:1311:19)
    at require (node:internal/modules/helpers:179:18)
    at Object.<anonymous> (/home2/flasheex/flashem/flashem/server.js:4:20)
    at Module._compile (node:internal/modules/cjs/loader:1469:14)
    at Module._extensions..js (node:internal/modules/cjs/loader:1548:10)
    at Module.load (node:internal/modules/cjs/loader:1288:32)
    at Module._load (node:internal/modules/cjs/loader:1104:12)
    at Module.require (node:internal/modules/cjs/loader:1311:19) {
  code: 'MODULE_NOT_FOUND',
  requireStack: [
    '/home2/flasheex/flashem/flashem/server.js',
    '/usr/local/lsws/fcgi-bin/lsnode.js'
  ]
}

Node.js v20.18.3
/home2/flasheex/nodevenv/flashem/flashem/20/bin/node: line 10: export: `package.json=': not a valid identifier
node:internal/modules/cjs/loader:1228
  throw err;
  ^

Error: Cannot find module 'nodemailer'
Require stack:
- /home2/flasheex/flashem/flashem/server.js
- /usr/local/lsws/fcgi-bin/lsnode.js
    at Module._resolveFilename (node:internal/modules/cjs/loader:1225:15)
    at Module._load (node:internal/modules/cjs/loader:1051:27)
    at Module.require (node:internal/modules/cjs/loader:1311:19)
    at require (node:internal/modules/helpers:179:18)
    at Object.<anonymous> (/home2/flasheex/flashem/flashem/server.js:4:20)
    at Module._compile (node:internal/modules/cjs/loader:1469:14)
    at Module._extensions..js (node:internal/modules/cjs/loader:1548:10)
    at Module.load (node:internal/modules/cjs/loader:1288:32)
    at Module._load (node:internal/modules/cjs/loader:1104:12)
    at Module.require (node:internal/modules/cjs/loader:1311:19) {
  code: 'MODULE_NOT_FOUND',
  requireStack: [
    '/home2/flasheex/flashem/flashem/server.js',
    '/usr/local/lsws/fcgi-bin/lsnode.js'
  ]
}

Node.js v20.18.3
/home2/flasheex/nodevenv/flashem/flashem/20/bin/node: line 10: export: `package.json=': not a valid identifier
node:internal/modules/cjs/loader:1228
  throw err;
  ^

Error: Cannot find module 'nodemailer'
Require stack:
- /home2/flasheex/flashem/flashem/server.js
- /usr/local/lsws/fcgi-bin/lsnode.js
    at Module._resolveFilename (node:internal/modules/cjs/loader:1225:15)
    at Module._load (node:internal/modules/cjs/loader:1051:27)
    at Module.require (node:internal/modules/cjs/loader:1311:19)
    at require (node:internal/modules/helpers:179:18)
    at Object.<anonymous> (/home2/flasheex/flashem/flashem/server.js:4:20)
    at Module._compile (node:internal/modules/cjs/loader:1469:14)
    at Module._extensions..js (node:internal/modules/cjs/loader:1548:10)
    at Module.load (node:internal/modules/cjs/loader:1288:32)
    at Module._load (node:internal/modules/cjs/loader:1104:12)
    at Module.require (node:internal/modules/cjs/loader:1311:19) {
  code: 'MODULE_NOT_FOUND',
  requireStack: [
    '/home2/flasheex/flashem/flashem/server.js',
    '/usr/local/lsws/fcgi-bin/lsnode.js'
  ]
}

Node.js v20.18.3
Email sending error: Error: connect ECONNREFUSED 142.251.179.109:465
    at TCPConnectWrap.afterConnect [as oncomplete] (node:net:1611:16) {
  errno: -111,
  code: 'ESOCKET',
  syscall: 'connect',
  address: '142.251.179.109',
  port: 465,
  command: 'CONN'
}
Email sending error: Error: connect ECONNREFUSED 142.251.179.109:465
    at TCPConnectWrap.afterConnect [as oncomplete] (node:net:1611:16) {
  errno: -111,
  code: 'ESOCKET',
  syscall: 'connect',
  address: '142.251.179.109',
  port: 465,
  command: 'CONN'
}
Email sending error: Error: connect ECONNREFUSED 142.251.179.109:465
    at TCPConnectWrap.afterConnect [as oncomplete] (node:net:1611:16) {
  errno: -111,
  code: 'ESOCKET',
  syscall: 'connect',
  address: '142.251.179.109',
  port: 465,
  command: 'CONN'
}
Email sending error: Error: connect ECONNREFUSED 142.251.179.109:465
    at TCPConnectWrap.afterConnect [as oncomplete] (node:net:1611:16) {
  errno: -111,
  code: 'ESOCKET',
  syscall: 'connect',
  address: '142.251.179.109',
  port: 465,
  command: 'CONN'
}
Email sending error: Error: connect ECONNREFUSED 142.251.111.109:465
    at TCPConnectWrap.afterConnect [as oncomplete] (node:net:1611:16) {
  errno: -111,
  code: 'ESOCKET',
  syscall: 'connect',
  address: '142.251.111.109',
  port: 465,
  command: 'CONN'
}
Email sending error: Error: connect ECONNREFUSED 142.251.111.109:465
    at TCPConnectWrap.afterConnect [as oncomplete] (node:net:1611:16) {
  errno: -111,
  code: 'ESOCKET',
  syscall: 'connect',
  address: '142.251.111.109',
  port: 465,
  command: 'CONN'
}
Email sending error: Error: connect ECONNREFUSED 142.251.111.109:465
    at TCPConnectWrap.afterConnect [as oncomplete] (node:net:1611:16) {
  errno: -111,
  code: 'ESOCKET',
  syscall: 'connect',
  address: '142.251.111.109',
  port: 465,
  command: 'CONN'
}
Email sending error: Error: connect ECONNREFUSED 142.251.111.109:465
    at TCPConnectWrap.afterConnect [as oncomplete] (node:net:1611:16) {
  errno: -111,
  code: 'ESOCKET',
  syscall: 'connect',
  address: '142.251.111.109',
  port: 465,
  command: 'CONN'
}
Email sending error: Error: connect ECONNREFUSED 142.250.31.109:465
    at TCPConnectWrap.afterConnect [as oncomplete] (node:net:1611:16) {
  errno: -111,
  code: 'ESOCKET',
  syscall: 'connect',
  address: '142.250.31.109',
  port: 465,
  command: 'CONN'
}
